/home/kshen/anaconda3/envs/py27/lib/python2.7/site-packages/mdtraj/utils/validation.py:116: TypeCastPerformanceWarning: Casting xyz dtype=float64 to <type 'numpy.float32'> 
  TypeCastPerformanceWarning)
['/home/kshen/Share/SCOUT/reorganize/SCOUT_Tutorial/AB/CG_Uext2.5_converged', '/home/kshen/mylib/sim.20190727', '/home/kshen/anaconda3/envs/py27/lib/python27.zip', '/home/kshen/anaconda3/envs/py27/lib/python2.7', '/home/kshen/anaconda3/envs/py27/lib/python2.7/plat-linux2', '/home/kshen/anaconda3/envs/py27/lib/python2.7/lib-tk', '/home/kshen/anaconda3/envs/py27/lib/python2.7/lib-old', '/home/kshen/anaconda3/envs/py27/lib/python2.7/lib-dynload', '/home/kshen/anaconda3/envs/py27/lib/python2.7/site-packages']
> Loading compiled library pylib/geomlib.so
> Loading compiled library pylib/maplib.so
atom types: {'A': A, 'B': B}
molecule types: [A:[A0], B:[B0]]
Setting box: [ 30.          14.99999959  15.        ]
Adding 3375 A molecules to system
Adding 3375 B molecules to system
Adding LJG for ('A', 'A')
Adding LJG for ('B', 'B')
Adding LJG for ('A', 'B')
Adding external sinusoid for A
Force Field Summary: ForceField[<AA>,<BB>,<AB>,<Uext>]
> Compiling Fortran for ABfluid 
> Successfully compiled ABfluid 
Making optimizer
Box: [ 30.          14.99999959  15.        ]
Use target histograms: True
Using OpenMM
Check fixed parameters status:
i,Fixed
--- AA ---
0 True
1 True
2 True
3 True
4 True
--- BB ---
0 True
1 True
2 True
3 True
4 True
--- AB ---
0 True
1 True
2 False
3 True
4 True
--- Uext ---
0 True
1 True
ParseTarData() not previously called.  Now calling...
Initial parsing of trajectory.
Identifying bounds and constraints.

======== STARTING NEW CONJUGATE GRADIENT MINIMIZATION ========

INITIAL PARAMETERS
   Label                Param       
   AB:B                 4.3000e-01  

Temporary file prefix is /home/kshen/Share/SCOUT/reorganize/SCOUT_Tutorial/AB/CG_Uext2.5_converged/tmpxJ3MN2
Making model trajectory for reweighting
DimensionlessUnits
=== OMM export currently uses LJ (Dimensionless) Units ===
mass: 1.0 dalton
epsilon: 1.0 kJ/mol
tau: 1.0 ps
=== Creating OMM System ===
...setting box size [30.0, 15.0, 15.0]
--- Creating Topology ---
Total number of particles in system: 6750
Total number of constraints: 0
--- Create Forcefield ---
---> Harmonic bond
Site-Type Bond Matrix: 2x2
[[False False]
 [False False]]
[[0 0]
 [0 0]]
---> Nonbonded Force
Global cutoff (largest specified cutoff): 5.0
Using tabulation to aggregate interaction between every pair of atom types
Caution: Increasing NPairPotential to approach InnerCutoff! Assuming this is Global, i.e. all potentials using same Cutoff
Nonbonded interactions detected, adding using tabulated potential
---> External Force
Adding external potential for atom type 0: Uext=2.5, NPeriod=1.0, axis=0
...U0*sin(2*3.14159265359*NPeriod0*(r-0.0)/30.0); r=x;
No external sinusoid detected for atom type 1, continuing
External potential with amplitude U=2.5, NPeriod=1.0
No external spline detected for atom type 0, continuing
No external spline detected for atom type 1, continuing
--- All forces added: ---
[<simtk.openmm.openmm.HarmonicBondForce; proxy of <Swig Object of type 'OpenMM::HarmonicBondForce *' at 0x7fcec4910f90> >, <simtk.openmm.openmm.CustomNonbondedForce; proxy of <Swig Object of type 'OpenMM::CustomNonbondedForce *' at 0x7fcec4910f30> >, <simtk.openmm.openmm.CustomExternalForce; proxy of <Swig Object of type 'OpenMM::CustomExternalForce *' at 0x7fcec4910f60> >]
=== Preparing Simulation ===
Manually setting platform: OpenCL and device: 1
{'dt': Quantity(value=0.1, unit=picosecond), 'fric': Quantity(value=5.0, unit=/picosecond), 'temp': Quantity(value=120.27221251395184, unit=kelvin)}
=== Initializing Simulation ===
=== Equilibrating ===
Progress will be reported every 4000 steps
=== Production 1000000 steps total, 100000.0 tau total (100000.0 ps) ===
#"Step"	"Potential Energy (kJ/mole)"	"Kinetic Energy (kJ/mole)"	"Temperature (K)"	"Box Volume (nm^3)"	"Density (g/mL)"	"Speed (ns/day)"
400000	58407.6953125	10209.9211907	121.280969008	6750.0	0.00166053878234	0
800000	58470.0234375	10120.0093508	120.212929904	6750.0	0.00166053878234	6.56e+03
=== Finished production in 1549.52272296 seconds
=== Temporary files from openMM simulation: ===
['/home/kshen/Share/SCOUT/reorganize/SCOUT_Tutorial/AB/CG_Uext2.5_converged/tmpxJ3MN21.prodlog.txt', '/home/kshen/Share/SCOUT/reorganize/SCOUT_Tutorial/AB/CG_Uext2.5_converged/tmpxJ3MN21.output.xml', '/home/kshen/Share/SCOUT/reorganize/SCOUT_Tutorial/AB/CG_Uext2.5_converged/tmpxJ3MN21.initial.pdb', '/home/kshen/Share/SCOUT/reorganize/SCOUT_Tutorial/AB/CG_Uext2.5_converged/tmpxJ3MN21.constrained.pdb', '/home/kshen/Share/SCOUT/reorganize/SCOUT_Tutorial/AB/CG_Uext2.5_converged/tmpxJ3MN21.equilibrated.pdb']
/home/kshen/Share/SCOUT/reorganize/SCOUT_Tutorial/AB/CG_Uext2.5_converged/tmpxJ3MN21.initial.pdb
/home/kshen/Share/SCOUT/reorganize/SCOUT_Tutorial/AB/CG_Uext2.5_converged/tmpxJ3MN21.prodlog.txt
/home/kshen/mylib/sim.20190727/sim/srel/base.py:390: RuntimeWarning: divide by zero encountered in log
  ReweightFrac = np.exp(-np.sum(np.where(Weight > 0., Weight * np.log(Weight), 0.))) / len(Traj)
/home/kshen/mylib/sim.20190727/sim/srel/base.py:390: RuntimeWarning: invalid value encountered in multiply
  ReweightFrac = np.exp(-np.sum(np.where(Weight > 0., Weight * np.log(Weight), 0.))) / len(Traj)
Converting OpenMM trajectory to raw format for faster access.
Starting minimization

Evaluating new gradient

ITERATION 1  (STEEPEST DESCENT)
   Variable                    Value         DObj        DDObj    SearchDir
   Obj                    0.0000e+00
   Srel                   0.0000e+00
   Bias                   0.0000e+00
   dx                     0.0000e+00
   ReweightFrac           1.0000e+00
   AB:B                   4.3000e-01   1.9163e+03   5.9615e+05  -1.9163e+03

ITERATION 2  (LINE SEARCH BRACKET)
   Variable                    Value FracChnge
   Obj                    4.2307e+01   1.0e+00
   Srel                   4.2307e+01   1.0e+00
   Bias                   0.0000e+00   0.0e+00
   dx                     1.0000e-04
   ReweightFrac           4.0000e-03

Step size too large: objective increased.  Backing off.

ITERATION 3  (LINE SEARCH BRACKET)
   Variable                    Value FracChnge
   Obj                   -6.6636e-01  -6.4e+01
   Srel                  -6.6636e-01  -6.4e+01
   Bias                   0.0000e+00   0.0e+00
   dx                     1.0000e-05
   ReweightFrac           5.1574e-03

Step size too large: surpassed reweighting limit.  Backing off.

ITERATION 4  (LINE SEARCH BRACKET)
   Variable                    Value FracChnge
   Obj                   -2.6043e+00  -7.4e-01
   Srel                  -2.6043e+00  -7.4e-01
   Bias                   0.0000e+00   0.0e+00
   dx                     1.0000e-06
   ReweightFrac           3.6931e-01

Step size too large: reweight fraction decreased too fast.  Backing off.

ITERATION 5  (LINE SEARCH BRACKET)
   Variable                    Value FracChnge
   Obj                   -3.5627e-01   6.3e+00
   Srel                  -3.5627e-01   6.3e+00
   Bias                   0.0000e+00   0.0e+00
   dx                     1.0000e-07
   ReweightFrac           9.8909e-01

Finding three points to bracket minimum

ITERATION 6  (LINE SEARCH BRACKET)
   Variable                    Value FracChnge
   Obj                   -6.9061e-01  -4.8e-01
   Srel                  -6.9061e-01  -4.8e-01
   Bias                   0.0000e+00   0.0e+00
   dx                     1.0000e-07
   ReweightFrac           9.5709e-01

ITERATION 7  (LINE SEARCH BRACKET)
   Variable                    Value FracChnge
   Obj                   -1.0030e+00  -3.1e-01
   Srel                  -1.0030e+00  -3.1e-01
   Bias                   0.0000e+00   0.0e+00
   dx                     1.0000e-07
   ReweightFrac           9.0625e-01

ITERATION 8  (LINE SEARCH BRACKET)
   Variable                    Value FracChnge
   Obj                   -1.2937e+00  -2.2e-01
   Srel                  -1.2937e+00  -2.2e-01
   Bias                   0.0000e+00   0.0e+00
   dx                     1.0000e-07
   ReweightFrac           8.4020e-01

ITERATION 9  (LINE SEARCH BRACKET)
   Variable                    Value FracChnge
   Obj                   -1.5630e+00  -1.7e-01
   Srel                  -1.5630e+00  -1.7e-01
   Bias                   0.0000e+00   0.0e+00
   dx                     1.0000e-07
   ReweightFrac           7.6341e-01

ITERATION 10  (LINE SEARCH BRACKET)
   Variable                    Value FracChnge
   Obj                   -1.8111e+00  -1.4e-01
   Srel                  -1.8111e+00  -1.4e-01
   Bias                   0.0000e+00   0.0e+00
   dx                     1.0000e-07
   ReweightFrac           6.8069e-01

ITERATION 11  (LINE SEARCH BRACKET)
   Variable                    Value FracChnge
   Obj                   -2.0386e+00  -1.1e-01
   Srel                  -2.0386e+00  -1.1e-01
   Bias                   0.0000e+00   0.0e+00
   dx                     1.0000e-07
   ReweightFrac           5.9655e-01

ITERATION 12  (LINE SEARCH BRACKET)
   Variable                    Value FracChnge
   Obj                   -2.2462e+00  -9.2e-02
   Srel                  -2.2462e+00  -9.2e-02
   Bias                   0.0000e+00   0.0e+00
   dx                     1.0000e-07
   ReweightFrac           5.1485e-01

ITERATION 13  (LINE SEARCH BRACKET)
   Variable                    Value FracChnge
   Obj                   -2.4345e+00  -7.7e-02
   Srel                  -2.4345e+00  -7.7e-02
   Bias                   0.0000e+00   0.0e+00
   dx                     1.0000e-07
   ReweightFrac           4.3848e-01

ITERATION 14  (LINE SEARCH BRACKET)
   Variable                    Value FracChnge
   Obj                   -2.6043e+00  -6.5e-02
   Srel                  -2.6043e+00  -6.5e-02
   Bias                   0.0000e+00   0.0e+00
   dx                     1.0000e-07
   ReweightFrac           3.6931e-01

ITERATION 15  (LINE SEARCH BRACKET)
   Variable                    Value FracChnge
   Obj                   -2.7564e+00  -5.5e-02
   Srel                  -2.7564e+00  -5.5e-02
   Bias                   0.0000e+00   0.0e+00
   dx                     1.0000e-07
   ReweightFrac           3.0833e-01

ITERATION 16  (LINE SEARCH BRACKET)
   Variable                    Value FracChnge
   Obj                   -2.8918e+00  -4.7e-02
   Srel                  -2.8918e+00  -4.7e-02
   Bias                   0.0000e+00   0.0e+00
   dx                     1.0000e-07
   ReweightFrac           2.5575e-01

ITERATION 17  (LINE SEARCH BRACKET)
   Variable                    Value FracChnge
   Obj                   -3.0114e+00  -4.0e-02
   Srel                  -3.0114e+00  -4.0e-02
   Bias                   0.0000e+00   0.0e+00
   dx                     1.0000e-07
   ReweightFrac           2.1124e-01

ITERATION 18  (LINE SEARCH BRACKET)
   Variable                    Value FracChnge
   Obj                   -3.2072e+00  -6.1e-02
   Srel                  -3.2072e+00  -6.1e-02
   Bias                   0.0000e+00   0.0e+00
   dx                     2.0000e-07
   ReweightFrac           1.4354e-01

ITERATION 19  (LINE SEARCH BRACKET)
   Variable                    Value FracChnge
   Obj                   -3.3517e+00  -4.3e-02
   Srel                  -3.3517e+00  -4.3e-02
   Bias                   0.0000e+00   0.0e+00
   dx                     2.0000e-07
   ReweightFrac           9.8309e-02

ITERATION 20  (LINE SEARCH BRACKET)
   Variable                    Value FracChnge
   Obj                   -3.5172e+00  -4.7e-02
   Srel                  -3.5172e+00  -4.7e-02
   Bias                   0.0000e+00   0.0e+00
   dx                     4.0000e-07
   ReweightFrac           4.9544e-02

ITERATION 21  (LINE SEARCH BRACKET)
   Variable                    Value FracChnge
   Obj                   -3.5315e+00  -4.0e-03
   Srel                  -3.5315e+00  -4.0e-03
   Bias                   0.0000e+00   0.0e+00
   dx                     8.0000e-07
   ReweightFrac           1.8927e-02

ITERATION 22  (LINE SEARCH BRACKET)
   Variable                    Value FracChnge
   Obj                   -3.5482e+00  -4.7e-03
   Srel                  -3.5482e+00  -4.7e-03
   Bias                   0.0000e+00   0.0e+00
   dx                     8.0000e-07
   ReweightFrac           3.8693e-02

ITERATION 23  (LINE SEARCH BRACKET)
   Variable                    Value FracChnge
   Obj                   -3.5253e+00   6.5e-03
   Srel                  -3.5253e+00   6.5e-03
   Bias                   0.0000e+00   0.0e+00
   dx                     1.6708e-07
   ReweightFrac           4.6954e-02

Reweighting went too far; making new trajectory.
Making model trajectory for reweighting
DimensionlessUnits
=== OMM export currently uses LJ (Dimensionless) Units ===
mass: 1.0 dalton
epsilon: 1.0 kJ/mol
tau: 1.0 ps
=== Creating OMM System ===
...setting box size [30.0, 15.0, 15.0]
--- Creating Topology ---
Total number of particles in system: 6750
Total number of constraints: 0
--- Create Forcefield ---
---> Harmonic bond
Site-Type Bond Matrix: 2x2
[[False False]
 [False False]]
[[0 0]
 [0 0]]
---> Nonbonded Force
Global cutoff (largest specified cutoff): 5.0
Using tabulation to aggregate interaction between every pair of atom types
Nonbonded interactions detected, adding using tabulated potential
---> External Force
Adding external potential for atom type 0: Uext=2.5, NPeriod=1.0, axis=0
...U0*sin(2*3.14159265359*NPeriod0*(r-0.0)/30.0); r=x;
No external sinusoid detected for atom type 1, continuing
External potential with amplitude U=2.5, NPeriod=1.0
No external spline detected for atom type 0, continuing
No external spline detected for atom type 1, continuing
--- All forces added: ---
[<simtk.openmm.openmm.HarmonicBondForce; proxy of <Swig Object of type 'OpenMM::HarmonicBondForce *' at 0x7fceb606e4b0> >, <simtk.openmm.openmm.CustomNonbondedForce; proxy of <Swig Object of type 'OpenMM::CustomNonbondedForce *' at 0x7fceb606e5a0> >, <simtk.openmm.openmm.CustomExternalForce; proxy of <Swig Object of type 'OpenMM::CustomExternalForce *' at 0x7fceb606e5d0> >]
=== Preparing Simulation ===
Manually setting platform: OpenCL and device: 1
{'dt': Quantity(value=0.1, unit=picosecond), 'fric': Quantity(value=5.0, unit=/picosecond), 'temp': Quantity(value=120.27221251395184, unit=kelvin)}
=== Initializing Simulation ===
=== Equilibrating ===
Progress will be reported every 4000 steps
=== Production 1000000 steps total, 100000.0 tau total (100000.0 ps) ===
#"Step"	"Potential Energy (kJ/mole)"	"Kinetic Energy (kJ/mole)"	"Temperature (K)"	"Box Volume (nm^3)"	"Density (g/mL)"	"Speed (ns/day)"
400000	58450.6015625	9922.91587714	117.871708359	6750.0	0.00166053878234	0
800000	58297.015625	10187.0596224	121.009402449	6750.0	0.00166053878234	9.31e+03
=== Finished production in 926.114214897 seconds
=== Temporary files from openMM simulation: ===
['/home/kshen/Share/SCOUT/reorganize/SCOUT_Tutorial/AB/CG_Uext2.5_converged/tmpxJ3MN22.prodlog.txt', '/home/kshen/Share/SCOUT/reorganize/SCOUT_Tutorial/AB/CG_Uext2.5_converged/tmpxJ3MN22.output.xml', '/home/kshen/Share/SCOUT/reorganize/SCOUT_Tutorial/AB/CG_Uext2.5_converged/tmpxJ3MN22.initial.pdb', '/home/kshen/Share/SCOUT/reorganize/SCOUT_Tutorial/AB/CG_Uext2.5_converged/tmpxJ3MN22.constrained.pdb', '/home/kshen/Share/SCOUT/reorganize/SCOUT_Tutorial/AB/CG_Uext2.5_converged/tmpxJ3MN22.equilibrated.pdb']
/home/kshen/Share/SCOUT/reorganize/SCOUT_Tutorial/AB/CG_Uext2.5_converged/tmpxJ3MN22.initial.pdb
/home/kshen/Share/SCOUT/reorganize/SCOUT_Tutorial/AB/CG_Uext2.5_converged/tmpxJ3MN22.prodlog.txt
/home/kshen/mylib/sim.20190727/sim/srel/plot_forcefield.py:274: RuntimeWarning: invalid value encountered in double_scalars
  ZScore = np.abs(Data[i] - NewData.mean()) / NewData.std()
/home/kshen/anaconda3/envs/py27/lib/python2.7/site-packages/matplotlib/axes/_base.py:3471: UserWarning: Attempting to set identical bottom==top results
in singular transformations; automatically expanding.
bottom=0.0, top=0.0
  'bottom=%s, top=%s') % (bottom, top))
Converting OpenMM trajectory to raw format for faster access.
Getting cross energies of old trajectory in new forcefield.
Getting cross energies of new trajectory in old forcefield.
Running Bennet algorithm to reweight old to new trajectory.
Bennett initial guesses: 172.776260, 171.124199
Bennett iteration 1: current error is 7.231e-01
Bennett iteration 2: current error is 4.843e-03
Bennett iteration 3: current error is 3.373e-05
Bennett iteration 4: current error is 1.223e-09
Bennett iteration 5: current error is 3.553e-15
Bennett final free energy: 171.819197 +- 0.190614
Reweighting starting with 91.4% new and 8.6% old trajectory
Evaluating new gradient

ITERATION 24  (STEEPEST DESCENT)
   Variable                    Value         DObj        DDObj    SearchDir
   Obj                   -3.5253e+00
   Srel                  -3.5253e+00
   Bias                   0.0000e+00
   dx                     1.6708e-07
   ReweightFrac           1.0000e+00
   CGBeta                 0.0000e+00
   AB:B                   4.2591e-01  -4.3287e+02   5.2394e+05   4.3287e+02

ITERATION 25  (LINE SEARCH BRACKET)
   Variable                    Value FracChnge
   Obj                   -3.5552e+00  -8.4e-03
   Srel                  -3.5552e+00  -8.4e-03
   Bias                   0.0000e+00   0.0e+00
   dx                     1.6708e-07
   ReweightFrac           9.9493e-01

Finding three points to bracket minimum

ITERATION 26  (LINE SEARCH BRACKET)
   Variable                    Value FracChnge
   Obj                   -3.5824e+00  -7.6e-03
   Srel                  -3.5824e+00  -7.6e-03
   Bias                   0.0000e+00   0.0e+00
   dx                     1.6708e-07
   ReweightFrac           9.7998e-01

ITERATION 27  (LINE SEARCH BRACKET)
   Variable                    Value FracChnge
   Obj                   -3.6069e+00  -6.8e-03
   Srel                  -3.6069e+00  -6.8e-03
   Bias                   0.0000e+00   0.0e+00
   dx                     1.6708e-07
   ReweightFrac           9.5594e-01

ITERATION 28  (LINE SEARCH BRACKET)
   Variable                    Value FracChnge
   Obj                   -3.6476e+00  -1.1e-02
   Srel                  -3.6476e+00  -1.1e-02
   Bias                   0.0000e+00   0.0e+00
   dx                     3.3415e-07
   ReweightFrac           8.8598e-01

ITERATION 29  (LINE SEARCH BRACKET)
   Variable                    Value FracChnge
   Obj                   -3.6774e+00  -8.1e-03
   Srel                  -3.6774e+00  -8.1e-03
   Bias                   0.0000e+00   0.0e+00
   dx                     3.3415e-07
   ReweightFrac           7.9798e-01

ITERATION 30  (LINE SEARCH BRACKET)
   Variable                    Value FracChnge
   Obj                   -3.6962e+00  -5.1e-03
   Srel                  -3.6962e+00  -5.1e-03
   Bias                   0.0000e+00   0.0e+00
   dx                     3.3415e-07
   ReweightFrac           7.0447e-01

ITERATION 31  (LINE SEARCH BRACKET)
   Variable                    Value FracChnge
   Obj                   -3.7040e+00  -2.1e-03
   Srel                  -3.7040e+00  -2.1e-03
   Bias                   0.0000e+00   0.0e+00
   dx                     3.3415e-07
   ReweightFrac           6.1443e-01

ITERATION 32  (LINE SEARCH BRACKET)
   Variable                    Value FracChnge
   Obj                   -3.7009e+00   8.5e-04
   Srel                  -3.7009e+00   8.5e-04
   Bias                   0.0000e+00   0.0e+00
   dx                     3.3415e-07
   ReweightFrac           5.3260e-01

Bracketed minimum

ITERATION 33  (LINE SEARCH PARABOLIC)
   Variable                    Value FracChnge
   Obj                   -3.7043e+00  -9.2e-04
   Srel                  -3.7043e+00  -9.2e-04
   Bias                   0.0000e+00   0.0e+00
   dx                     3.3415e-07
   ReweightFrac           5.9611e-01

ITERATION 34  (LINE SEARCH PARABOLIC)
   Variable                    Value FracChnge
   Obj                   -3.7043e+00  -1.3e-10
   Srel                  -3.7043e+00  -1.3e-10
   Bias                   0.0000e+00   0.0e+00
   dx                     3.3415e-07
   ReweightFrac           5.9609e-01

Finished line search

Evaluating new gradient

ITERATION 35  (CONJUGATE GRADIENT)
   Variable                    Value         DObj        DDObj    SearchDir
   Obj                   -3.7043e+00
   Srel                  -3.7043e+00
   Bias                   0.0000e+00
   dx                     3.3415e-07
   ReweightFrac           5.9609e-01
   CGBeta                 0.0000e+00
   AB:B                   4.2674e-01  -6.4643e-03   5.2534e+05   6.4643e-03

Elapsed time: 204.2 min
Minimization converged.

FINAL VALUES
   Variable                    Value
   Obj                   -3.7043e+00
   Srel                  -3.7043e+00
   Bias                   0.0000e+00
   AB:B                   4.2674e-01





=== Hessian/DDSrel ===
[[  0.00000000e+00   0.00000000e+00   0.00000000e+00   0.00000000e+00
    0.00000000e+00   0.00000000e+00   0.00000000e+00   0.00000000e+00
    0.00000000e+00   0.00000000e+00   0.00000000e+00   0.00000000e+00
    0.00000000e+00   0.00000000e+00   0.00000000e+00   0.00000000e+00
    0.00000000e+00   0.00000000e+00   0.00000000e+00]
 [  0.00000000e+00   0.00000000e+00   0.00000000e+00   0.00000000e+00
    0.00000000e+00   0.00000000e+00   0.00000000e+00   0.00000000e+00
    0.00000000e+00   0.00000000e+00   0.00000000e+00   0.00000000e+00
    0.00000000e+00   0.00000000e+00   0.00000000e+00   0.00000000e+00
    0.00000000e+00   0.00000000e+00   0.00000000e+00]
 [  0.00000000e+00   0.00000000e+00   0.00000000e+00   0.00000000e+00
    0.00000000e+00   0.00000000e+00   0.00000000e+00   0.00000000e+00
    0.00000000e+00   0.00000000e+00   0.00000000e+00   0.00000000e+00
    0.00000000e+00   0.00000000e+00   9.57483123e+26   0.00000000e+00
    0.00000000e+00   0.00000000e+00   0.00000000e+00]
 [  0.00000000e+00   0.00000000e+00   0.00000000e+00   0.00000000e+00
    0.00000000e+00   0.00000000e+00   0.00000000e+00   0.00000000e+00
    0.00000000e+00   0.00000000e+00   0.00000000e+00   0.00000000e+00
    0.00000000e+00   0.00000000e+00   0.00000000e+00   0.00000000e+00
    0.00000000e+00   0.00000000e+00   0.00000000e+00]
 [  0.00000000e+00   0.00000000e+00   0.00000000e+00   0.00000000e+00
    0.00000000e+00   0.00000000e+00   0.00000000e+00   0.00000000e+00
    0.00000000e+00   0.00000000e+00   0.00000000e+00   0.00000000e+00
    0.00000000e+00   0.00000000e+00   2.32111253e+09   0.00000000e+00
    0.00000000e+00   0.00000000e+00   0.00000000e+00]
 [  0.00000000e+00   0.00000000e+00   0.00000000e+00   0.00000000e+00
    0.00000000e+00   0.00000000e+00   0.00000000e+00   0.00000000e+00
    0.00000000e+00   0.00000000e+00   0.00000000e+00   0.00000000e+00
    0.00000000e+00   0.00000000e+00  -5.80725345e+09   0.00000000e+00
    0.00000000e+00   0.00000000e+00   0.00000000e+00]
 [  0.00000000e+00   0.00000000e+00   0.00000000e+00   0.00000000e+00
    0.00000000e+00   0.00000000e+00   0.00000000e+00   0.00000000e+00
    0.00000000e+00   0.00000000e+00   0.00000000e+00   0.00000000e+00
    0.00000000e+00   0.00000000e+00   1.10805034e+09   0.00000000e+00
    0.00000000e+00   0.00000000e+00   0.00000000e+00]
 [  0.00000000e+00   0.00000000e+00   0.00000000e+00   0.00000000e+00
    0.00000000e+00   0.00000000e+00   0.00000000e+00   0.00000000e+00
    0.00000000e+00   0.00000000e+00   0.00000000e+00   0.00000000e+00
    0.00000000e+00   0.00000000e+00   8.65593041e+29   0.00000000e+00
    0.00000000e+00   0.00000000e+00   0.00000000e+00]
 [  0.00000000e+00   0.00000000e+00   0.00000000e+00   0.00000000e+00
    0.00000000e+00   0.00000000e+00   0.00000000e+00   0.00000000e+00
    0.00000000e+00   0.00000000e+00   0.00000000e+00   0.00000000e+00
    0.00000000e+00   0.00000000e+00   0.00000000e+00   0.00000000e+00
    0.00000000e+00   0.00000000e+00   0.00000000e+00]
 [  0.00000000e+00   0.00000000e+00   0.00000000e+00   0.00000000e+00
    0.00000000e+00   0.00000000e+00   0.00000000e+00   0.00000000e+00
    0.00000000e+00   0.00000000e+00   0.00000000e+00   0.00000000e+00
    0.00000000e+00   0.00000000e+00   2.13980841e+09   0.00000000e+00
    0.00000000e+00   0.00000000e+00   0.00000000e+00]
 [  0.00000000e+00   0.00000000e+00   0.00000000e+00   0.00000000e+00
    0.00000000e+00   0.00000000e+00   0.00000000e+00   0.00000000e+00
    0.00000000e+00   0.00000000e+00   0.00000000e+00   0.00000000e+00
    0.00000000e+00   0.00000000e+00  -5.36576811e+09   0.00000000e+00
    0.00000000e+00   0.00000000e+00   0.00000000e+00]
 [  0.00000000e+00   0.00000000e+00   0.00000000e+00   0.00000000e+00
    0.00000000e+00   0.00000000e+00   0.00000000e+00   0.00000000e+00
    0.00000000e+00   0.00000000e+00   0.00000000e+00   0.00000000e+00
    0.00000000e+00   0.00000000e+00   1.02276675e+09   0.00000000e+00
    0.00000000e+00   0.00000000e+00   0.00000000e+00]
 [  0.00000000e+00   0.00000000e+00   0.00000000e+00   0.00000000e+00
    0.00000000e+00   0.00000000e+00   0.00000000e+00   0.00000000e+00
    0.00000000e+00   0.00000000e+00   0.00000000e+00   0.00000000e+00
    0.00000000e+00   0.00000000e+00   4.37807487e+25   0.00000000e+00
    0.00000000e+00   0.00000000e+00   0.00000000e+00]
 [  0.00000000e+00   0.00000000e+00   0.00000000e+00   0.00000000e+00
    0.00000000e+00   0.00000000e+00   0.00000000e+00   0.00000000e+00
    0.00000000e+00   0.00000000e+00   0.00000000e+00   0.00000000e+00
    0.00000000e+00   0.00000000e+00   0.00000000e+00   0.00000000e+00
    0.00000000e+00   0.00000000e+00   0.00000000e+00]
 [  0.00000000e+00   0.00000000e+00   9.57483123e+26   0.00000000e+00
    2.32111253e+09  -5.80725345e+09   1.10805034e+09   8.65593041e+29
    0.00000000e+00   2.13980841e+09  -5.36576811e+09   1.02276675e+09
    4.37807487e+25   0.00000000e+00   5.25339526e+05  -4.71358019e+09
    8.87085472e+08  -7.18186592e+07   0.00000000e+00]
 [  0.00000000e+00   0.00000000e+00   0.00000000e+00   0.00000000e+00
    0.00000000e+00   0.00000000e+00   0.00000000e+00   0.00000000e+00
    0.00000000e+00   0.00000000e+00   0.00000000e+00   0.00000000e+00
    0.00000000e+00   0.00000000e+00  -4.71358019e+09   0.00000000e+00
    0.00000000e+00   0.00000000e+00   0.00000000e+00]
 [  0.00000000e+00   0.00000000e+00   0.00000000e+00   0.00000000e+00
    0.00000000e+00   0.00000000e+00   0.00000000e+00   0.00000000e+00
    0.00000000e+00   0.00000000e+00   0.00000000e+00   0.00000000e+00
    0.00000000e+00   0.00000000e+00   8.87085472e+08   0.00000000e+00
    0.00000000e+00   0.00000000e+00   0.00000000e+00]
 [  0.00000000e+00   0.00000000e+00   0.00000000e+00   0.00000000e+00
    0.00000000e+00   0.00000000e+00   0.00000000e+00   0.00000000e+00
    0.00000000e+00   0.00000000e+00   0.00000000e+00   0.00000000e+00
    0.00000000e+00   0.00000000e+00  -7.18186592e+07   0.00000000e+00
    0.00000000e+00   0.00000000e+00   0.00000000e+00]
 [  0.00000000e+00   0.00000000e+00   0.00000000e+00   0.00000000e+00
    0.00000000e+00   0.00000000e+00   0.00000000e+00   0.00000000e+00
    0.00000000e+00   0.00000000e+00   0.00000000e+00   0.00000000e+00
    0.00000000e+00   0.00000000e+00   0.00000000e+00   0.00000000e+00
    0.00000000e+00   0.00000000e+00   0.00000000e+00]]
> Deleting temporary trajectory file /home/kshen/Share/SCOUT/reorganize/SCOUT_Tutorial/AB/CG_Uext2.5_converged/tmpxJ3MN21.traj.dat
> Deleting temporary trajectory file /home/kshen/Share/SCOUT/reorganize/SCOUT_Tutorial/AB/CG_Uext2.5_converged/tmpxJ3MN22.traj.dat
